2020-08-18 10:23:53,033 [INFO] from play.api.http.EnabledFilters in play-dev-mode-akka.actor.default-dispatcher-12 - Enabled Filters (see <https://www.playframework.com/documentation/latest/Filters>):

    play.filters.csrf.CSRFFilter
    play.filters.headers.SecurityHeadersFilter
    play.filters.hosts.AllowedHostsFilter

2020-08-18 10:23:53,077 [INFO] from play.api.Play in play-dev-mode-akka.actor.default-dispatcher-12 - Application started (Dev) (no global state)
2020-08-18 10:23:53,147 [ERROR] from play.api.http.DefaultHttpErrorHandler in play-dev-mode-akka.actor.default-dispatcher-12 - 

! @7go14ikj8 - Internal server error, for (GET) [/persons] ->
 
play.api.db.evolutions.InvalidDatabaseRevision: Database 'default' needs evolution![An SQL script need to be run on your database.]
	at play.api.db.evolutions.EvolutionsWebCommands.$anonfun$handleWebCommand$5(ApplicationEvolutions.scala:523)
	at play.api.db.evolutions.EvolutionsWebCommands.$anonfun$handleWebCommand$5$adapted(ApplicationEvolutions.scala:516)
	at play.api.db.evolutions.ApplicationEvolutions$.$anonfun$runEvolutions$1(ApplicationEvolutions.scala:208)
	at play.api.db.evolutions.ApplicationEvolutions$.withLock(ApplicationEvolutions.scala:229)
	at play.api.db.evolutions.ApplicationEvolutions$.runEvolutions(ApplicationEvolutions.scala:199)
	at play.api.db.evolutions.EvolutionsWebCommands.$anonfun$handleWebCommand$4(ApplicationEvolutions.scala:516)
	at play.api.db.evolutions.EvolutionsWebCommands.$anonfun$handleWebCommand$4$adapted(ApplicationEvolutions.scala:511)
	at scala.collection.immutable.List.foreach(List.scala:305)
	at play.api.db.evolutions.EvolutionsWebCommands.handleWebCommand(ApplicationEvolutions.scala:511)
	at play.core.DefaultWebCommands.$anonfun$handleWebCommand$1(WebCommands.scala:42)
	at scala.collection.immutable.Stream.flatMap(Stream.scala:202)
	at play.core.DefaultWebCommands.handleWebCommand(WebCommands.scala:42)
	at play.api.http.DefaultHttpRequestHandler.$anonfun$handlerForRequest$4(HttpRequestHandler.scala:223)
	at scala.Option.flatMap(Option.scala:283)
	at play.api.http.DefaultHttpRequestHandler.handlerForRequest(HttpRequestHandler.scala:222)
	at play.core.server.Server$.getHandlerFor(Server.scala:126)
	at play.core.server.AkkaHttpServer.handleRequest(AkkaHttpServer.scala:316)
	at play.core.server.AkkaHttpServer.$anonfun$createServerBinding$1(AkkaHttpServer.scala:191)
	at akka.stream.impl.fusing.MapAsync$$anon$30.onPush(Ops.scala:1285)
	at akka.stream.impl.fusing.GraphInterpreter.processPush(GraphInterpreter.scala:541)
	at akka.stream.impl.fusing.GraphInterpreter.execute(GraphInterpreter.scala:423)
	at akka.stream.impl.fusing.GraphInterpreterShell.runBatch(ActorGraphInterpreter.scala:625)
	at akka.stream.impl.fusing.GraphInterpreterShell$AsyncInput.execute(ActorGraphInterpreter.scala:502)
	at akka.stream.impl.fusing.GraphInterpreterShell.processEvent(ActorGraphInterpreter.scala:600)
	at akka.stream.impl.fusing.ActorGraphInterpreter.akka$stream$impl$fusing$ActorGraphInterpreter$$processEvent(ActorGraphInterpreter.scala:769)
	at akka.stream.impl.fusing.ActorGraphInterpreter$$anonfun$receive$1.applyOrElse(ActorGraphInterpreter.scala:784)
	at akka.actor.Actor.aroundReceive(Actor.scala:535)
	at akka.actor.Actor.aroundReceive$(Actor.scala:533)
	at akka.stream.impl.fusing.ActorGraphInterpreter.aroundReceive(ActorGraphInterpreter.scala:691)
	at akka.actor.ActorCell.receiveMessage(ActorCell.scala:575)
	at akka.actor.ActorCell.invoke(ActorCell.scala:545)
	at akka.dispatch.Mailbox.processMailbox(Mailbox.scala:270)
	at akka.dispatch.Mailbox.run(Mailbox.scala:231)
	at akka.dispatch.Mailbox.exec(Mailbox.scala:243)
	at java.util.concurrent.ForkJoinTask.doExec(ForkJoinTask.java:289)
	at java.util.concurrent.ForkJoinPool$WorkQueue.runTask(ForkJoinPool.java:1056)
	at java.util.concurrent.ForkJoinPool.runWorker(ForkJoinPool.java:1692)
	at java.util.concurrent.ForkJoinWorkerThread.run(ForkJoinWorkerThread.java:157)
2020-08-18 10:23:59,439 [INFO] from play.api.http.EnabledFilters in play-dev-mode-akka.actor.default-dispatcher-14 - Enabled Filters (see <https://www.playframework.com/documentation/latest/Filters>):

    play.filters.csrf.CSRFFilter
    play.filters.headers.SecurityHeadersFilter
    play.filters.hosts.AllowedHostsFilter

2020-08-18 10:23:59,448 [INFO] from play.api.Play in play-dev-mode-akka.actor.default-dispatcher-14 - Application started (Dev) (no global state)
2020-08-18 10:23:59,686 [WARN] from play.api.mvc.DefaultJWTCookieDataCodec in application-akka.actor.default-dispatcher-4 - decode: cookie has invalid signature! message = JWT signature does not match locally computed signature. JWT validity cannot be asserted and should not be trusted.
2020-08-18 10:23:59,687 [INFO] from play.api.mvc.DefaultJWTCookieDataCodec in application-akka.actor.default-dispatcher-4 - The JWT signature in the cookie does not match the locally computed signature with the server. This usually indicates the browser has a leftover cookie from another Play application, so clearing cookies may resolve this error message.
2020-08-18 10:24:00,286 [WARN] from play.api.mvc.DefaultJWTCookieDataCodec in application-akka.actor.default-dispatcher-4 - decode: cookie has invalid signature! message = JWT signature does not match locally computed signature. JWT validity cannot be asserted and should not be trusted.
2020-08-18 10:24:00,286 [INFO] from play.api.mvc.DefaultJWTCookieDataCodec in application-akka.actor.default-dispatcher-4 - The JWT signature in the cookie does not match the locally computed signature with the server. This usually indicates the browser has a leftover cookie from another Play application, so clearing cookies may resolve this error message.
2020-08-18 10:27:11,534 [WARN] from play.api.mvc.DefaultJWTCookieDataCodec in application-akka.actor.default-dispatcher-5 - decode: cookie has invalid signature! message = JWT signature does not match locally computed signature. JWT validity cannot be asserted and should not be trusted.
2020-08-18 10:27:11,534 [INFO] from play.api.mvc.DefaultJWTCookieDataCodec in application-akka.actor.default-dispatcher-5 - The JWT signature in the cookie does not match the locally computed signature with the server. This usually indicates the browser has a leftover cookie from another Play application, so clearing cookies may resolve this error message.
2020-08-18 13:01:07,539 [WARN] from slick.basic.DatabaseConfig in ScalaTest-run - Use `profile` instead of `driver`. The latter is deprecated since Slick 3.2 and will be removed.
2020-08-18 13:07:21,859 [WARN] from slick.basic.DatabaseConfig in ScalaTest-run - Use `profile` instead of `driver`. The latter is deprecated since Slick 3.2 and will be removed.
2020-08-18 13:16:40,196 [WARN] from slick.basic.DatabaseConfig in ScalaTest-run - Use `profile` instead of `driver`. The latter is deprecated since Slick 3.2 and will be removed.
2020-08-18 13:17:15,109 [WARN] from slick.basic.DatabaseConfig in ScalaTest-run - Use `profile` instead of `driver`. The latter is deprecated since Slick 3.2 and will be removed.
2020-08-18 13:19:57,520 [WARN] from slick.basic.DatabaseConfig in ScalaTest-run - Use `profile` instead of `driver`. The latter is deprecated since Slick 3.2 and will be removed.
2020-08-18 13:20:52,932 [WARN] from slick.basic.DatabaseConfig in ScalaTest-run - Use `profile` instead of `driver`. The latter is deprecated since Slick 3.2 and will be removed.
2020-08-18 16:20:41,605 [WARN] from slick.basic.DatabaseConfig in ScalaTest-run - Use `profile` instead of `driver`. The latter is deprecated since Slick 3.2 and will be removed.
2020-08-18 16:20:42,607 [ERROR] from com.zaxxer.hikari.HikariConfig in application-akka.actor.default-dispatcher-4 - Failed to load driver class org.h2.Driver from HikariConfig class classloader sun.misc.Launcher$AppClassLoader@18b4aac2
2020-08-18 16:20:42,612 [WARN] from play.api.db.slick.DefaultSlickApi in application-akka.actor.default-dispatcher-4 - Error occurred while closing database mydb.
java.lang.RuntimeException: Failed to load driver class org.h2.Driver in either of HikariConfig class loader or Thread context classloader
	at com.zaxxer.hikari.HikariConfig.setDriverClassName(HikariConfig.java:497)
	at slick.jdbc.hikaricp.HikariCPJdbcDataSource$.$anonfun$forConfig$3(HikariCPJdbcDataSource.scala:33)
	at slick.jdbc.hikaricp.HikariCPJdbcDataSource$.$anonfun$forConfig$3$adapted(HikariCPJdbcDataSource.scala:33)
	at scala.Option.foreach(Option.scala:437)
	at slick.jdbc.hikaricp.HikariCPJdbcDataSource$.forConfig(HikariCPJdbcDataSource.scala:33)
	at slick.jdbc.hikaricp.HikariCPJdbcDataSource$.forConfig(HikariCPJdbcDataSource.scala:21)
	at slick.jdbc.JdbcDataSource$.forConfig(JdbcDataSource.scala:47)
	at slick.jdbc.JdbcBackend$DatabaseFactoryDef.forConfig(JdbcBackend.scala:341)
	at slick.jdbc.JdbcBackend$DatabaseFactoryDef.forConfig$(JdbcBackend.scala:337)
	at slick.jdbc.JdbcBackend$$anon$1.forConfig(JdbcBackend.scala:32)
	at slick.jdbc.JdbcBackend.createDatabase(JdbcBackend.scala:35)
	at slick.jdbc.JdbcBackend.createDatabase$(JdbcBackend.scala:35)
	at slick.jdbc.JdbcBackend$.createDatabase(JdbcBackend.scala:572)
	at slick.jdbc.JdbcBackend$.createDatabase(JdbcBackend.scala:572)
	at slick.basic.DatabaseConfig$$anon$1.db$lzycompute(DatabaseConfig.scala:103)
	at slick.basic.DatabaseConfig$$anon$1.db(DatabaseConfig.scala:102)
	at play.api.db.slick.DefaultSlickApi$DatabaseConfigFactory.$anonfun$registerDatabaseShutdownHook$3(SlickApi.scala:107)
	at scala.runtime.java8.JFunction0$mcV$sp.apply(JFunction0$mcV$sp.scala:18)
	at scala.util.Try$.apply(Try.scala:210)
	at play.api.db.slick.DefaultSlickApi$DatabaseConfigFactory.$anonfun$registerDatabaseShutdownHook$2(SlickApi.scala:107)
	at scala.runtime.java8.JFunction0$mcV$sp.apply(JFunction0$mcV$sp.scala:18)
	at scala.concurrent.Future$.$anonfun$apply$1(Future.scala:661)
	at scala.concurrent.impl.Promise$Transformation.run(Promise.scala:430)
	at akka.dispatch.BatchingExecutor$AbstractBatch.processBatch(BatchingExecutor.scala:56)
	at akka.dispatch.BatchingExecutor$BlockableBatch.$anonfun$run$1(BatchingExecutor.scala:93)
	at scala.runtime.java8.JFunction0$mcV$sp.apply(JFunction0$mcV$sp.scala:18)
	at scala.concurrent.BlockContext$.withBlockContext(BlockContext.scala:94)
	at akka.dispatch.BatchingExecutor$BlockableBatch.run(BatchingExecutor.scala:93)
	at akka.dispatch.TaskInvocation.run(AbstractDispatcher.scala:48)
	at akka.dispatch.ForkJoinExecutorConfigurator$AkkaForkJoinTask.exec(ForkJoinExecutorConfigurator.scala:48)
	at java.util.concurrent.ForkJoinTask.doExec(ForkJoinTask.java:289)
	at java.util.concurrent.ForkJoinPool$WorkQueue.runTask(ForkJoinPool.java:1056)
	at java.util.concurrent.ForkJoinPool.runWorker(ForkJoinPool.java:1692)
	at java.util.concurrent.ForkJoinWorkerThread.run(ForkJoinWorkerThread.java:157)
2020-08-18 16:28:10,219 [WARN] from slick.basic.DatabaseConfig in ScalaTest-run - Use `profile` instead of `driver`. The latter is deprecated since Slick 3.2 and will be removed.
2020-08-18 16:28:11,591 [ERROR] from com.zaxxer.hikari.HikariConfig in application-akka.actor.default-dispatcher-5 - Failed to load driver class org.h2.Driver from HikariConfig class classloader sun.misc.Launcher$AppClassLoader@18b4aac2
2020-08-18 16:28:11,598 [WARN] from play.api.db.slick.DefaultSlickApi in application-akka.actor.default-dispatcher-5 - Error occurred while closing database mydb.
java.lang.RuntimeException: Failed to load driver class org.h2.Driver in either of HikariConfig class loader or Thread context classloader
	at com.zaxxer.hikari.HikariConfig.setDriverClassName(HikariConfig.java:497)
	at slick.jdbc.hikaricp.HikariCPJdbcDataSource$.$anonfun$forConfig$3(HikariCPJdbcDataSource.scala:33)
	at slick.jdbc.hikaricp.HikariCPJdbcDataSource$.$anonfun$forConfig$3$adapted(HikariCPJdbcDataSource.scala:33)
	at scala.Option.foreach(Option.scala:437)
	at slick.jdbc.hikaricp.HikariCPJdbcDataSource$.forConfig(HikariCPJdbcDataSource.scala:33)
	at slick.jdbc.hikaricp.HikariCPJdbcDataSource$.forConfig(HikariCPJdbcDataSource.scala:21)
	at slick.jdbc.JdbcDataSource$.forConfig(JdbcDataSource.scala:47)
	at slick.jdbc.JdbcBackend$DatabaseFactoryDef.forConfig(JdbcBackend.scala:341)
	at slick.jdbc.JdbcBackend$DatabaseFactoryDef.forConfig$(JdbcBackend.scala:337)
	at slick.jdbc.JdbcBackend$$anon$1.forConfig(JdbcBackend.scala:32)
	at slick.jdbc.JdbcBackend.createDatabase(JdbcBackend.scala:35)
	at slick.jdbc.JdbcBackend.createDatabase$(JdbcBackend.scala:35)
	at slick.jdbc.JdbcBackend$.createDatabase(JdbcBackend.scala:572)
	at slick.jdbc.JdbcBackend$.createDatabase(JdbcBackend.scala:572)
	at slick.basic.DatabaseConfig$$anon$1.db$lzycompute(DatabaseConfig.scala:103)
	at slick.basic.DatabaseConfig$$anon$1.db(DatabaseConfig.scala:102)
	at play.api.db.slick.DefaultSlickApi$DatabaseConfigFactory.$anonfun$registerDatabaseShutdownHook$3(SlickApi.scala:107)
	at scala.runtime.java8.JFunction0$mcV$sp.apply(JFunction0$mcV$sp.scala:18)
	at scala.util.Try$.apply(Try.scala:210)
	at play.api.db.slick.DefaultSlickApi$DatabaseConfigFactory.$anonfun$registerDatabaseShutdownHook$2(SlickApi.scala:107)
	at scala.runtime.java8.JFunction0$mcV$sp.apply(JFunction0$mcV$sp.scala:18)
	at scala.concurrent.Future$.$anonfun$apply$1(Future.scala:661)
	at scala.concurrent.impl.Promise$Transformation.run(Promise.scala:430)
	at akka.dispatch.BatchingExecutor$AbstractBatch.processBatch(BatchingExecutor.scala:56)
	at akka.dispatch.BatchingExecutor$BlockableBatch.$anonfun$run$1(BatchingExecutor.scala:93)
	at scala.runtime.java8.JFunction0$mcV$sp.apply(JFunction0$mcV$sp.scala:18)
	at scala.concurrent.BlockContext$.withBlockContext(BlockContext.scala:94)
	at akka.dispatch.BatchingExecutor$BlockableBatch.run(BatchingExecutor.scala:93)
	at akka.dispatch.TaskInvocation.run(AbstractDispatcher.scala:48)
	at akka.dispatch.ForkJoinExecutorConfigurator$AkkaForkJoinTask.exec(ForkJoinExecutorConfigurator.scala:48)
	at java.util.concurrent.ForkJoinTask.doExec(ForkJoinTask.java:289)
	at java.util.concurrent.ForkJoinPool$WorkQueue.runTask(ForkJoinPool.java:1056)
	at java.util.concurrent.ForkJoinPool.runWorker(ForkJoinPool.java:1692)
	at java.util.concurrent.ForkJoinWorkerThread.run(ForkJoinWorkerThread.java:157)
2020-08-18 16:38:43,237 [WARN] from slick.basic.DatabaseConfig in ScalaTest-run - Use `profile` instead of `driver`. The latter is deprecated since Slick 3.2 and will be removed.
2020-08-18 16:38:44,163 [ERROR] from com.zaxxer.hikari.HikariConfig in application-akka.actor.default-dispatcher-5 - Failed to load driver class org.h2.Driver from HikariConfig class classloader sun.misc.Launcher$AppClassLoader@18b4aac2
2020-08-18 16:38:44,167 [WARN] from play.api.db.slick.DefaultSlickApi in application-akka.actor.default-dispatcher-5 - Error occurred while closing database mydb.
java.lang.RuntimeException: Failed to load driver class org.h2.Driver in either of HikariConfig class loader or Thread context classloader
	at com.zaxxer.hikari.HikariConfig.setDriverClassName(HikariConfig.java:497)
	at slick.jdbc.hikaricp.HikariCPJdbcDataSource$.$anonfun$forConfig$3(HikariCPJdbcDataSource.scala:33)
	at slick.jdbc.hikaricp.HikariCPJdbcDataSource$.$anonfun$forConfig$3$adapted(HikariCPJdbcDataSource.scala:33)
	at scala.Option.foreach(Option.scala:437)
	at slick.jdbc.hikaricp.HikariCPJdbcDataSource$.forConfig(HikariCPJdbcDataSource.scala:33)
	at slick.jdbc.hikaricp.HikariCPJdbcDataSource$.forConfig(HikariCPJdbcDataSource.scala:21)
	at slick.jdbc.JdbcDataSource$.forConfig(JdbcDataSource.scala:47)
	at slick.jdbc.JdbcBackend$DatabaseFactoryDef.forConfig(JdbcBackend.scala:341)
	at slick.jdbc.JdbcBackend$DatabaseFactoryDef.forConfig$(JdbcBackend.scala:337)
	at slick.jdbc.JdbcBackend$$anon$1.forConfig(JdbcBackend.scala:32)
	at slick.jdbc.JdbcBackend.createDatabase(JdbcBackend.scala:35)
	at slick.jdbc.JdbcBackend.createDatabase$(JdbcBackend.scala:35)
	at slick.jdbc.JdbcBackend$.createDatabase(JdbcBackend.scala:572)
	at slick.jdbc.JdbcBackend$.createDatabase(JdbcBackend.scala:572)
	at slick.basic.DatabaseConfig$$anon$1.db$lzycompute(DatabaseConfig.scala:103)
	at slick.basic.DatabaseConfig$$anon$1.db(DatabaseConfig.scala:102)
	at play.api.db.slick.DefaultSlickApi$DatabaseConfigFactory.$anonfun$registerDatabaseShutdownHook$3(SlickApi.scala:107)
	at scala.runtime.java8.JFunction0$mcV$sp.apply(JFunction0$mcV$sp.scala:18)
	at scala.util.Try$.apply(Try.scala:210)
	at play.api.db.slick.DefaultSlickApi$DatabaseConfigFactory.$anonfun$registerDatabaseShutdownHook$2(SlickApi.scala:107)
	at scala.runtime.java8.JFunction0$mcV$sp.apply(JFunction0$mcV$sp.scala:18)
	at scala.concurrent.Future$.$anonfun$apply$1(Future.scala:661)
	at scala.concurrent.impl.Promise$Transformation.run(Promise.scala:430)
	at akka.dispatch.BatchingExecutor$AbstractBatch.processBatch(BatchingExecutor.scala:56)
	at akka.dispatch.BatchingExecutor$BlockableBatch.$anonfun$run$1(BatchingExecutor.scala:93)
	at scala.runtime.java8.JFunction0$mcV$sp.apply(JFunction0$mcV$sp.scala:18)
	at scala.concurrent.BlockContext$.withBlockContext(BlockContext.scala:94)
	at akka.dispatch.BatchingExecutor$BlockableBatch.run(BatchingExecutor.scala:93)
	at akka.dispatch.TaskInvocation.run(AbstractDispatcher.scala:48)
	at akka.dispatch.ForkJoinExecutorConfigurator$AkkaForkJoinTask.exec(ForkJoinExecutorConfigurator.scala:48)
	at java.util.concurrent.ForkJoinTask.doExec(ForkJoinTask.java:289)
	at java.util.concurrent.ForkJoinPool$WorkQueue.runTask(ForkJoinPool.java:1056)
	at java.util.concurrent.ForkJoinPool.runWorker(ForkJoinPool.java:1692)
	at java.util.concurrent.ForkJoinWorkerThread.run(ForkJoinWorkerThread.java:157)
2020-08-18 16:41:17,009 [WARN] from slick.basic.DatabaseConfig in ScalaTest-run - Use `profile` instead of `driver`. The latter is deprecated since Slick 3.2 and will be removed.
2020-08-18 16:41:17,921 [ERROR] from com.zaxxer.hikari.HikariConfig in application-akka.actor.default-dispatcher-4 - Failed to load driver class org.h2.Driver from HikariConfig class classloader sun.misc.Launcher$AppClassLoader@18b4aac2
2020-08-18 16:41:17,925 [WARN] from play.api.db.slick.DefaultSlickApi in application-akka.actor.default-dispatcher-4 - Error occurred while closing database mydb.
java.lang.RuntimeException: Failed to load driver class org.h2.Driver in either of HikariConfig class loader or Thread context classloader
	at com.zaxxer.hikari.HikariConfig.setDriverClassName(HikariConfig.java:497)
	at slick.jdbc.hikaricp.HikariCPJdbcDataSource$.$anonfun$forConfig$3(HikariCPJdbcDataSource.scala:33)
	at slick.jdbc.hikaricp.HikariCPJdbcDataSource$.$anonfun$forConfig$3$adapted(HikariCPJdbcDataSource.scala:33)
	at scala.Option.foreach(Option.scala:437)
	at slick.jdbc.hikaricp.HikariCPJdbcDataSource$.forConfig(HikariCPJdbcDataSource.scala:33)
	at slick.jdbc.hikaricp.HikariCPJdbcDataSource$.forConfig(HikariCPJdbcDataSource.scala:21)
	at slick.jdbc.JdbcDataSource$.forConfig(JdbcDataSource.scala:47)
	at slick.jdbc.JdbcBackend$DatabaseFactoryDef.forConfig(JdbcBackend.scala:341)
	at slick.jdbc.JdbcBackend$DatabaseFactoryDef.forConfig$(JdbcBackend.scala:337)
	at slick.jdbc.JdbcBackend$$anon$1.forConfig(JdbcBackend.scala:32)
	at slick.jdbc.JdbcBackend.createDatabase(JdbcBackend.scala:35)
	at slick.jdbc.JdbcBackend.createDatabase$(JdbcBackend.scala:35)
	at slick.jdbc.JdbcBackend$.createDatabase(JdbcBackend.scala:572)
	at slick.jdbc.JdbcBackend$.createDatabase(JdbcBackend.scala:572)
	at slick.basic.DatabaseConfig$$anon$1.db$lzycompute(DatabaseConfig.scala:103)
	at slick.basic.DatabaseConfig$$anon$1.db(DatabaseConfig.scala:102)
	at play.api.db.slick.DefaultSlickApi$DatabaseConfigFactory.$anonfun$registerDatabaseShutdownHook$3(SlickApi.scala:107)
	at scala.runtime.java8.JFunction0$mcV$sp.apply(JFunction0$mcV$sp.scala:18)
	at scala.util.Try$.apply(Try.scala:210)
	at play.api.db.slick.DefaultSlickApi$DatabaseConfigFactory.$anonfun$registerDatabaseShutdownHook$2(SlickApi.scala:107)
	at scala.runtime.java8.JFunction0$mcV$sp.apply(JFunction0$mcV$sp.scala:18)
	at scala.concurrent.Future$.$anonfun$apply$1(Future.scala:661)
	at scala.concurrent.impl.Promise$Transformation.run(Promise.scala:430)
	at akka.dispatch.BatchingExecutor$AbstractBatch.processBatch(BatchingExecutor.scala:56)
	at akka.dispatch.BatchingExecutor$BlockableBatch.$anonfun$run$1(BatchingExecutor.scala:93)
	at scala.runtime.java8.JFunction0$mcV$sp.apply(JFunction0$mcV$sp.scala:18)
	at scala.concurrent.BlockContext$.withBlockContext(BlockContext.scala:94)
	at akka.dispatch.BatchingExecutor$BlockableBatch.run(BatchingExecutor.scala:93)
	at akka.dispatch.TaskInvocation.run(AbstractDispatcher.scala:48)
	at akka.dispatch.ForkJoinExecutorConfigurator$AkkaForkJoinTask.exec(ForkJoinExecutorConfigurator.scala:48)
	at java.util.concurrent.ForkJoinTask.doExec(ForkJoinTask.java:289)
	at java.util.concurrent.ForkJoinPool$WorkQueue.runTask(ForkJoinPool.java:1056)
	at java.util.concurrent.ForkJoinPool.runWorker(ForkJoinPool.java:1692)
	at java.util.concurrent.ForkJoinWorkerThread.run(ForkJoinWorkerThread.java:157)
2020-08-18 17:48:49,452 [WARN] from slick.basic.DatabaseConfig in ScalaTest-run - Use `profile` instead of `driver`. The latter is deprecated since Slick 3.2 and will be removed.
2020-08-18 17:48:50,614 [ERROR] from com.zaxxer.hikari.HikariConfig in application-akka.actor.default-dispatcher-5 - Failed to load driver class org.h2.Driver from HikariConfig class classloader sun.misc.Launcher$AppClassLoader@18b4aac2
2020-08-18 17:48:50,622 [WARN] from play.api.db.slick.DefaultSlickApi in application-akka.actor.default-dispatcher-5 - Error occurred while closing database mydb.
java.lang.RuntimeException: Failed to load driver class org.h2.Driver in either of HikariConfig class loader or Thread context classloader
	at com.zaxxer.hikari.HikariConfig.setDriverClassName(HikariConfig.java:497)
	at slick.jdbc.hikaricp.HikariCPJdbcDataSource$.$anonfun$forConfig$3(HikariCPJdbcDataSource.scala:33)
	at slick.jdbc.hikaricp.HikariCPJdbcDataSource$.$anonfun$forConfig$3$adapted(HikariCPJdbcDataSource.scala:33)
	at scala.Option.foreach(Option.scala:437)
	at slick.jdbc.hikaricp.HikariCPJdbcDataSource$.forConfig(HikariCPJdbcDataSource.scala:33)
	at slick.jdbc.hikaricp.HikariCPJdbcDataSource$.forConfig(HikariCPJdbcDataSource.scala:21)
	at slick.jdbc.JdbcDataSource$.forConfig(JdbcDataSource.scala:47)
	at slick.jdbc.JdbcBackend$DatabaseFactoryDef.forConfig(JdbcBackend.scala:341)
	at slick.jdbc.JdbcBackend$DatabaseFactoryDef.forConfig$(JdbcBackend.scala:337)
	at slick.jdbc.JdbcBackend$$anon$1.forConfig(JdbcBackend.scala:32)
	at slick.jdbc.JdbcBackend.createDatabase(JdbcBackend.scala:35)
	at slick.jdbc.JdbcBackend.createDatabase$(JdbcBackend.scala:35)
	at slick.jdbc.JdbcBackend$.createDatabase(JdbcBackend.scala:572)
	at slick.jdbc.JdbcBackend$.createDatabase(JdbcBackend.scala:572)
	at slick.basic.DatabaseConfig$$anon$1.db$lzycompute(DatabaseConfig.scala:103)
	at slick.basic.DatabaseConfig$$anon$1.db(DatabaseConfig.scala:102)
	at play.api.db.slick.DefaultSlickApi$DatabaseConfigFactory.$anonfun$registerDatabaseShutdownHook$3(SlickApi.scala:107)
	at scala.runtime.java8.JFunction0$mcV$sp.apply(JFunction0$mcV$sp.scala:18)
	at scala.util.Try$.apply(Try.scala:210)
	at play.api.db.slick.DefaultSlickApi$DatabaseConfigFactory.$anonfun$registerDatabaseShutdownHook$2(SlickApi.scala:107)
	at scala.runtime.java8.JFunction0$mcV$sp.apply(JFunction0$mcV$sp.scala:18)
	at scala.concurrent.Future$.$anonfun$apply$1(Future.scala:661)
	at scala.concurrent.impl.Promise$Transformation.run(Promise.scala:430)
	at akka.dispatch.BatchingExecutor$AbstractBatch.processBatch(BatchingExecutor.scala:56)
	at akka.dispatch.BatchingExecutor$BlockableBatch.$anonfun$run$1(BatchingExecutor.scala:93)
	at scala.runtime.java8.JFunction0$mcV$sp.apply(JFunction0$mcV$sp.scala:18)
	at scala.concurrent.BlockContext$.withBlockContext(BlockContext.scala:94)
	at akka.dispatch.BatchingExecutor$BlockableBatch.run(BatchingExecutor.scala:93)
	at akka.dispatch.TaskInvocation.run(AbstractDispatcher.scala:48)
	at akka.dispatch.ForkJoinExecutorConfigurator$AkkaForkJoinTask.exec(ForkJoinExecutorConfigurator.scala:48)
	at java.util.concurrent.ForkJoinTask.doExec(ForkJoinTask.java:289)
	at java.util.concurrent.ForkJoinPool$WorkQueue.runTask(ForkJoinPool.java:1056)
	at java.util.concurrent.ForkJoinPool.runWorker(ForkJoinPool.java:1692)
	at java.util.concurrent.ForkJoinWorkerThread.run(ForkJoinWorkerThread.java:157)
2020-08-18 17:53:58,857 [WARN] from slick.basic.DatabaseConfig in ScalaTest-run - Use `profile` instead of `driver`. The latter is deprecated since Slick 3.2 and will be removed.
2020-08-18 17:53:59,841 [ERROR] from com.zaxxer.hikari.HikariConfig in application-akka.actor.default-dispatcher-5 - Failed to load driver class org.h2.Driver from HikariConfig class classloader sun.misc.Launcher$AppClassLoader@18b4aac2
2020-08-18 17:53:59,846 [WARN] from play.api.db.slick.DefaultSlickApi in application-akka.actor.default-dispatcher-5 - Error occurred while closing database mydb.
java.lang.RuntimeException: Failed to load driver class org.h2.Driver in either of HikariConfig class loader or Thread context classloader
	at com.zaxxer.hikari.HikariConfig.setDriverClassName(HikariConfig.java:497)
	at slick.jdbc.hikaricp.HikariCPJdbcDataSource$.$anonfun$forConfig$3(HikariCPJdbcDataSource.scala:33)
	at slick.jdbc.hikaricp.HikariCPJdbcDataSource$.$anonfun$forConfig$3$adapted(HikariCPJdbcDataSource.scala:33)
	at scala.Option.foreach(Option.scala:437)
	at slick.jdbc.hikaricp.HikariCPJdbcDataSource$.forConfig(HikariCPJdbcDataSource.scala:33)
	at slick.jdbc.hikaricp.HikariCPJdbcDataSource$.forConfig(HikariCPJdbcDataSource.scala:21)
	at slick.jdbc.JdbcDataSource$.forConfig(JdbcDataSource.scala:47)
	at slick.jdbc.JdbcBackend$DatabaseFactoryDef.forConfig(JdbcBackend.scala:341)
	at slick.jdbc.JdbcBackend$DatabaseFactoryDef.forConfig$(JdbcBackend.scala:337)
	at slick.jdbc.JdbcBackend$$anon$1.forConfig(JdbcBackend.scala:32)
	at slick.jdbc.JdbcBackend.createDatabase(JdbcBackend.scala:35)
	at slick.jdbc.JdbcBackend.createDatabase$(JdbcBackend.scala:35)
	at slick.jdbc.JdbcBackend$.createDatabase(JdbcBackend.scala:572)
	at slick.jdbc.JdbcBackend$.createDatabase(JdbcBackend.scala:572)
	at slick.basic.DatabaseConfig$$anon$1.db$lzycompute(DatabaseConfig.scala:103)
	at slick.basic.DatabaseConfig$$anon$1.db(DatabaseConfig.scala:102)
	at play.api.db.slick.DefaultSlickApi$DatabaseConfigFactory.$anonfun$registerDatabaseShutdownHook$3(SlickApi.scala:107)
	at scala.runtime.java8.JFunction0$mcV$sp.apply(JFunction0$mcV$sp.scala:18)
	at scala.util.Try$.apply(Try.scala:210)
	at play.api.db.slick.DefaultSlickApi$DatabaseConfigFactory.$anonfun$registerDatabaseShutdownHook$2(SlickApi.scala:107)
	at scala.runtime.java8.JFunction0$mcV$sp.apply(JFunction0$mcV$sp.scala:18)
	at scala.concurrent.Future$.$anonfun$apply$1(Future.scala:661)
	at scala.concurrent.impl.Promise$Transformation.run(Promise.scala:430)
	at akka.dispatch.BatchingExecutor$AbstractBatch.processBatch(BatchingExecutor.scala:56)
	at akka.dispatch.BatchingExecutor$BlockableBatch.$anonfun$run$1(BatchingExecutor.scala:93)
	at scala.runtime.java8.JFunction0$mcV$sp.apply(JFunction0$mcV$sp.scala:18)
	at scala.concurrent.BlockContext$.withBlockContext(BlockContext.scala:94)
	at akka.dispatch.BatchingExecutor$BlockableBatch.run(BatchingExecutor.scala:93)
	at akka.dispatch.TaskInvocation.run(AbstractDispatcher.scala:48)
	at akka.dispatch.ForkJoinExecutorConfigurator$AkkaForkJoinTask.exec(ForkJoinExecutorConfigurator.scala:48)
	at java.util.concurrent.ForkJoinTask.doExec(ForkJoinTask.java:289)
	at java.util.concurrent.ForkJoinPool$WorkQueue.runTask(ForkJoinPool.java:1056)
	at java.util.concurrent.ForkJoinPool.runWorker(ForkJoinPool.java:1692)
	at java.util.concurrent.ForkJoinWorkerThread.run(ForkJoinWorkerThread.java:157)
2020-08-18 17:56:13,485 [WARN] from slick.basic.DatabaseConfig in ScalaTest-run - Use `profile` instead of `driver`. The latter is deprecated since Slick 3.2 and will be removed.
2020-08-18 17:58:01,271 [ERROR] from com.zaxxer.hikari.HikariConfig in application-akka.actor.default-dispatcher-6 - Failed to load driver class org.h2.Driver from HikariConfig class classloader sun.misc.Launcher$AppClassLoader@18b4aac2
2020-08-18 17:58:01,278 [WARN] from play.api.db.slick.DefaultSlickApi in application-akka.actor.default-dispatcher-6 - Error occurred while closing database mydb.
java.lang.RuntimeException: Failed to load driver class org.h2.Driver in either of HikariConfig class loader or Thread context classloader
	at com.zaxxer.hikari.HikariConfig.setDriverClassName(HikariConfig.java:497)
	at slick.jdbc.hikaricp.HikariCPJdbcDataSource$.$anonfun$forConfig$3(HikariCPJdbcDataSource.scala:33)
	at slick.jdbc.hikaricp.HikariCPJdbcDataSource$.$anonfun$forConfig$3$adapted(HikariCPJdbcDataSource.scala:33)
	at scala.Option.foreach(Option.scala:437)
	at slick.jdbc.hikaricp.HikariCPJdbcDataSource$.forConfig(HikariCPJdbcDataSource.scala:33)
	at slick.jdbc.hikaricp.HikariCPJdbcDataSource$.forConfig(HikariCPJdbcDataSource.scala:21)
	at slick.jdbc.JdbcDataSource$.forConfig(JdbcDataSource.scala:47)
	at slick.jdbc.JdbcBackend$DatabaseFactoryDef.forConfig(JdbcBackend.scala:341)
	at slick.jdbc.JdbcBackend$DatabaseFactoryDef.forConfig$(JdbcBackend.scala:337)
	at slick.jdbc.JdbcBackend$$anon$1.forConfig(JdbcBackend.scala:32)
	at slick.jdbc.JdbcBackend.createDatabase(JdbcBackend.scala:35)
	at slick.jdbc.JdbcBackend.createDatabase$(JdbcBackend.scala:35)
	at slick.jdbc.JdbcBackend$.createDatabase(JdbcBackend.scala:572)
	at slick.jdbc.JdbcBackend$.createDatabase(JdbcBackend.scala:572)
	at slick.basic.DatabaseConfig$$anon$1.db$lzycompute(DatabaseConfig.scala:103)
	at slick.basic.DatabaseConfig$$anon$1.db(DatabaseConfig.scala:102)
	at play.api.db.slick.DefaultSlickApi$DatabaseConfigFactory.$anonfun$registerDatabaseShutdownHook$3(SlickApi.scala:107)
	at scala.runtime.java8.JFunction0$mcV$sp.apply(JFunction0$mcV$sp.scala:18)
	at scala.util.Try$.apply(Try.scala:210)
	at play.api.db.slick.DefaultSlickApi$DatabaseConfigFactory.$anonfun$registerDatabaseShutdownHook$2(SlickApi.scala:107)
	at scala.runtime.java8.JFunction0$mcV$sp.apply(JFunction0$mcV$sp.scala:18)
	at scala.concurrent.Future$.$anonfun$apply$1(Future.scala:661)
	at scala.concurrent.impl.Promise$Transformation.run(Promise.scala:430)
	at akka.dispatch.BatchingExecutor$AbstractBatch.processBatch(BatchingExecutor.scala:56)
	at akka.dispatch.BatchingExecutor$BlockableBatch.$anonfun$run$1(BatchingExecutor.scala:93)
	at scala.runtime.java8.JFunction0$mcV$sp.apply(JFunction0$mcV$sp.scala:18)
	at scala.concurrent.BlockContext$.withBlockContext(BlockContext.scala:94)
	at akka.dispatch.BatchingExecutor$BlockableBatch.run(BatchingExecutor.scala:93)
	at akka.dispatch.TaskInvocation.run(AbstractDispatcher.scala:48)
	at akka.dispatch.ForkJoinExecutorConfigurator$AkkaForkJoinTask.exec(ForkJoinExecutorConfigurator.scala:48)
	at java.util.concurrent.ForkJoinTask.doExec(ForkJoinTask.java:289)
	at java.util.concurrent.ForkJoinPool$WorkQueue.runTask(ForkJoinPool.java:1056)
	at java.util.concurrent.ForkJoinPool.runWorker(ForkJoinPool.java:1692)
	at java.util.concurrent.ForkJoinWorkerThread.run(ForkJoinWorkerThread.java:157)
2020-08-18 18:04:48,047 [WARN] from slick.basic.DatabaseConfig in ScalaTest-run - Use `profile` instead of `driver`. The latter is deprecated since Slick 3.2 and will be removed.
2020-08-18 18:04:49,038 [ERROR] from com.zaxxer.hikari.HikariConfig in application-akka.actor.default-dispatcher-5 - Failed to load driver class org.h2.Driver from HikariConfig class classloader sun.misc.Launcher$AppClassLoader@18b4aac2
2020-08-18 18:04:49,044 [WARN] from play.api.db.slick.DefaultSlickApi in application-akka.actor.default-dispatcher-5 - Error occurred while closing database mydb.
java.lang.RuntimeException: Failed to load driver class org.h2.Driver in either of HikariConfig class loader or Thread context classloader
	at com.zaxxer.hikari.HikariConfig.setDriverClassName(HikariConfig.java:497)
	at slick.jdbc.hikaricp.HikariCPJdbcDataSource$.$anonfun$forConfig$3(HikariCPJdbcDataSource.scala:33)
	at slick.jdbc.hikaricp.HikariCPJdbcDataSource$.$anonfun$forConfig$3$adapted(HikariCPJdbcDataSource.scala:33)
	at scala.Option.foreach(Option.scala:437)
	at slick.jdbc.hikaricp.HikariCPJdbcDataSource$.forConfig(HikariCPJdbcDataSource.scala:33)
	at slick.jdbc.hikaricp.HikariCPJdbcDataSource$.forConfig(HikariCPJdbcDataSource.scala:21)
	at slick.jdbc.JdbcDataSource$.forConfig(JdbcDataSource.scala:47)
	at slick.jdbc.JdbcBackend$DatabaseFactoryDef.forConfig(JdbcBackend.scala:341)
	at slick.jdbc.JdbcBackend$DatabaseFactoryDef.forConfig$(JdbcBackend.scala:337)
	at slick.jdbc.JdbcBackend$$anon$1.forConfig(JdbcBackend.scala:32)
	at slick.jdbc.JdbcBackend.createDatabase(JdbcBackend.scala:35)
	at slick.jdbc.JdbcBackend.createDatabase$(JdbcBackend.scala:35)
	at slick.jdbc.JdbcBackend$.createDatabase(JdbcBackend.scala:572)
	at slick.jdbc.JdbcBackend$.createDatabase(JdbcBackend.scala:572)
	at slick.basic.DatabaseConfig$$anon$1.db$lzycompute(DatabaseConfig.scala:103)
	at slick.basic.DatabaseConfig$$anon$1.db(DatabaseConfig.scala:102)
	at play.api.db.slick.DefaultSlickApi$DatabaseConfigFactory.$anonfun$registerDatabaseShutdownHook$3(SlickApi.scala:107)
	at scala.runtime.java8.JFunction0$mcV$sp.apply(JFunction0$mcV$sp.scala:18)
	at scala.util.Try$.apply(Try.scala:210)
	at play.api.db.slick.DefaultSlickApi$DatabaseConfigFactory.$anonfun$registerDatabaseShutdownHook$2(SlickApi.scala:107)
	at scala.runtime.java8.JFunction0$mcV$sp.apply(JFunction0$mcV$sp.scala:18)
	at scala.concurrent.Future$.$anonfun$apply$1(Future.scala:661)
	at scala.concurrent.impl.Promise$Transformation.run(Promise.scala:430)
	at akka.dispatch.BatchingExecutor$AbstractBatch.processBatch(BatchingExecutor.scala:56)
	at akka.dispatch.BatchingExecutor$BlockableBatch.$anonfun$run$1(BatchingExecutor.scala:93)
	at scala.runtime.java8.JFunction0$mcV$sp.apply(JFunction0$mcV$sp.scala:18)
	at scala.concurrent.BlockContext$.withBlockContext(BlockContext.scala:94)
	at akka.dispatch.BatchingExecutor$BlockableBatch.run(BatchingExecutor.scala:93)
	at akka.dispatch.TaskInvocation.run(AbstractDispatcher.scala:48)
	at akka.dispatch.ForkJoinExecutorConfigurator$AkkaForkJoinTask.exec(ForkJoinExecutorConfigurator.scala:48)
	at java.util.concurrent.ForkJoinTask.doExec(ForkJoinTask.java:289)
	at java.util.concurrent.ForkJoinPool$WorkQueue.runTask(ForkJoinPool.java:1056)
	at java.util.concurrent.ForkJoinPool.runWorker(ForkJoinPool.java:1692)
	at java.util.concurrent.ForkJoinWorkerThread.run(ForkJoinWorkerThread.java:157)
2020-08-18 18:08:14,653 [WARN] from slick.basic.DatabaseConfig in ScalaTest-run - Use `profile` instead of `driver`. The latter is deprecated since Slick 3.2 and will be removed.
2020-08-18 18:08:15,786 [ERROR] from com.zaxxer.hikari.HikariConfig in application-akka.actor.default-dispatcher-5 - Failed to load driver class org.h2.Driver from HikariConfig class classloader sun.misc.Launcher$AppClassLoader@18b4aac2
2020-08-18 18:08:15,791 [WARN] from play.api.db.slick.DefaultSlickApi in application-akka.actor.default-dispatcher-5 - Error occurred while closing database mydb.
java.lang.RuntimeException: Failed to load driver class org.h2.Driver in either of HikariConfig class loader or Thread context classloader
	at com.zaxxer.hikari.HikariConfig.setDriverClassName(HikariConfig.java:497)
	at slick.jdbc.hikaricp.HikariCPJdbcDataSource$.$anonfun$forConfig$3(HikariCPJdbcDataSource.scala:33)
	at slick.jdbc.hikaricp.HikariCPJdbcDataSource$.$anonfun$forConfig$3$adapted(HikariCPJdbcDataSource.scala:33)
	at scala.Option.foreach(Option.scala:437)
	at slick.jdbc.hikaricp.HikariCPJdbcDataSource$.forConfig(HikariCPJdbcDataSource.scala:33)
	at slick.jdbc.hikaricp.HikariCPJdbcDataSource$.forConfig(HikariCPJdbcDataSource.scala:21)
	at slick.jdbc.JdbcDataSource$.forConfig(JdbcDataSource.scala:47)
	at slick.jdbc.JdbcBackend$DatabaseFactoryDef.forConfig(JdbcBackend.scala:341)
	at slick.jdbc.JdbcBackend$DatabaseFactoryDef.forConfig$(JdbcBackend.scala:337)
	at slick.jdbc.JdbcBackend$$anon$1.forConfig(JdbcBackend.scala:32)
	at slick.jdbc.JdbcBackend.createDatabase(JdbcBackend.scala:35)
	at slick.jdbc.JdbcBackend.createDatabase$(JdbcBackend.scala:35)
	at slick.jdbc.JdbcBackend$.createDatabase(JdbcBackend.scala:572)
	at slick.jdbc.JdbcBackend$.createDatabase(JdbcBackend.scala:572)
	at slick.basic.DatabaseConfig$$anon$1.db$lzycompute(DatabaseConfig.scala:103)
	at slick.basic.DatabaseConfig$$anon$1.db(DatabaseConfig.scala:102)
	at play.api.db.slick.DefaultSlickApi$DatabaseConfigFactory.$anonfun$registerDatabaseShutdownHook$3(SlickApi.scala:107)
	at scala.runtime.java8.JFunction0$mcV$sp.apply(JFunction0$mcV$sp.scala:18)
	at scala.util.Try$.apply(Try.scala:210)
	at play.api.db.slick.DefaultSlickApi$DatabaseConfigFactory.$anonfun$registerDatabaseShutdownHook$2(SlickApi.scala:107)
	at scala.runtime.java8.JFunction0$mcV$sp.apply(JFunction0$mcV$sp.scala:18)
	at scala.concurrent.Future$.$anonfun$apply$1(Future.scala:661)
	at scala.concurrent.impl.Promise$Transformation.run(Promise.scala:430)
	at akka.dispatch.BatchingExecutor$AbstractBatch.processBatch(BatchingExecutor.scala:56)
	at akka.dispatch.BatchingExecutor$BlockableBatch.$anonfun$run$1(BatchingExecutor.scala:93)
	at scala.runtime.java8.JFunction0$mcV$sp.apply(JFunction0$mcV$sp.scala:18)
	at scala.concurrent.BlockContext$.withBlockContext(BlockContext.scala:94)
	at akka.dispatch.BatchingExecutor$BlockableBatch.run(BatchingExecutor.scala:93)
	at akka.dispatch.TaskInvocation.run(AbstractDispatcher.scala:48)
	at akka.dispatch.ForkJoinExecutorConfigurator$AkkaForkJoinTask.exec(ForkJoinExecutorConfigurator.scala:48)
	at java.util.concurrent.ForkJoinTask.doExec(ForkJoinTask.java:289)
	at java.util.concurrent.ForkJoinPool$WorkQueue.runTask(ForkJoinPool.java:1056)
	at java.util.concurrent.ForkJoinPool.runWorker(ForkJoinPool.java:1692)
	at java.util.concurrent.ForkJoinWorkerThread.run(ForkJoinWorkerThread.java:157)
2020-08-18 18:09:30,041 [WARN] from slick.basic.DatabaseConfig in ScalaTest-run - Use `profile` instead of `driver`. The latter is deprecated since Slick 3.2 and will be removed.
2020-08-18 18:09:31,265 [ERROR] from com.zaxxer.hikari.HikariConfig in application-akka.actor.default-dispatcher-5 - Failed to load driver class org.h2.Driver from HikariConfig class classloader sun.misc.Launcher$AppClassLoader@18b4aac2
2020-08-18 18:09:31,271 [WARN] from play.api.db.slick.DefaultSlickApi in application-akka.actor.default-dispatcher-5 - Error occurred while closing database mydb.
java.lang.RuntimeException: Failed to load driver class org.h2.Driver in either of HikariConfig class loader or Thread context classloader
	at com.zaxxer.hikari.HikariConfig.setDriverClassName(HikariConfig.java:497)
	at slick.jdbc.hikaricp.HikariCPJdbcDataSource$.$anonfun$forConfig$3(HikariCPJdbcDataSource.scala:33)
	at slick.jdbc.hikaricp.HikariCPJdbcDataSource$.$anonfun$forConfig$3$adapted(HikariCPJdbcDataSource.scala:33)
	at scala.Option.foreach(Option.scala:437)
	at slick.jdbc.hikaricp.HikariCPJdbcDataSource$.forConfig(HikariCPJdbcDataSource.scala:33)
	at slick.jdbc.hikaricp.HikariCPJdbcDataSource$.forConfig(HikariCPJdbcDataSource.scala:21)
	at slick.jdbc.JdbcDataSource$.forConfig(JdbcDataSource.scala:47)
	at slick.jdbc.JdbcBackend$DatabaseFactoryDef.forConfig(JdbcBackend.scala:341)
	at slick.jdbc.JdbcBackend$DatabaseFactoryDef.forConfig$(JdbcBackend.scala:337)
	at slick.jdbc.JdbcBackend$$anon$1.forConfig(JdbcBackend.scala:32)
	at slick.jdbc.JdbcBackend.createDatabase(JdbcBackend.scala:35)
	at slick.jdbc.JdbcBackend.createDatabase$(JdbcBackend.scala:35)
	at slick.jdbc.JdbcBackend$.createDatabase(JdbcBackend.scala:572)
	at slick.jdbc.JdbcBackend$.createDatabase(JdbcBackend.scala:572)
	at slick.basic.DatabaseConfig$$anon$1.db$lzycompute(DatabaseConfig.scala:103)
	at slick.basic.DatabaseConfig$$anon$1.db(DatabaseConfig.scala:102)
	at play.api.db.slick.DefaultSlickApi$DatabaseConfigFactory.$anonfun$registerDatabaseShutdownHook$3(SlickApi.scala:107)
	at scala.runtime.java8.JFunction0$mcV$sp.apply(JFunction0$mcV$sp.scala:18)
	at scala.util.Try$.apply(Try.scala:210)
	at play.api.db.slick.DefaultSlickApi$DatabaseConfigFactory.$anonfun$registerDatabaseShutdownHook$2(SlickApi.scala:107)
	at scala.runtime.java8.JFunction0$mcV$sp.apply(JFunction0$mcV$sp.scala:18)
	at scala.concurrent.Future$.$anonfun$apply$1(Future.scala:661)
	at scala.concurrent.impl.Promise$Transformation.run(Promise.scala:430)
	at akka.dispatch.BatchingExecutor$AbstractBatch.processBatch(BatchingExecutor.scala:56)
	at akka.dispatch.BatchingExecutor$BlockableBatch.$anonfun$run$1(BatchingExecutor.scala:93)
	at scala.runtime.java8.JFunction0$mcV$sp.apply(JFunction0$mcV$sp.scala:18)
	at scala.concurrent.BlockContext$.withBlockContext(BlockContext.scala:94)
	at akka.dispatch.BatchingExecutor$BlockableBatch.run(BatchingExecutor.scala:93)
	at akka.dispatch.TaskInvocation.run(AbstractDispatcher.scala:48)
	at akka.dispatch.ForkJoinExecutorConfigurator$AkkaForkJoinTask.exec(ForkJoinExecutorConfigurator.scala:48)
	at java.util.concurrent.ForkJoinTask.doExec(ForkJoinTask.java:289)
	at java.util.concurrent.ForkJoinPool$WorkQueue.runTask(ForkJoinPool.java:1056)
	at java.util.concurrent.ForkJoinPool.runWorker(ForkJoinPool.java:1692)
	at java.util.concurrent.ForkJoinWorkerThread.run(ForkJoinWorkerThread.java:157)
2020-08-18 18:27:02,079 [WARN] from slick.basic.DatabaseConfig in ScalaTest-run - Use `profile` instead of `driver`. The latter is deprecated since Slick 3.2 and will be removed.
2020-08-18 18:27:03,908 [ERROR] from com.zaxxer.hikari.HikariConfig in application-akka.actor.default-dispatcher-5 - Failed to load driver class org.h2.Driver from HikariConfig class classloader sun.misc.Launcher$AppClassLoader@18b4aac2
2020-08-18 18:27:03,917 [WARN] from play.api.db.slick.DefaultSlickApi in application-akka.actor.default-dispatcher-5 - Error occurred while closing database mydb.
java.lang.RuntimeException: Failed to load driver class org.h2.Driver in either of HikariConfig class loader or Thread context classloader
	at com.zaxxer.hikari.HikariConfig.setDriverClassName(HikariConfig.java:497)
	at slick.jdbc.hikaricp.HikariCPJdbcDataSource$.$anonfun$forConfig$3(HikariCPJdbcDataSource.scala:33)
	at slick.jdbc.hikaricp.HikariCPJdbcDataSource$.$anonfun$forConfig$3$adapted(HikariCPJdbcDataSource.scala:33)
	at scala.Option.foreach(Option.scala:437)
	at slick.jdbc.hikaricp.HikariCPJdbcDataSource$.forConfig(HikariCPJdbcDataSource.scala:33)
	at slick.jdbc.hikaricp.HikariCPJdbcDataSource$.forConfig(HikariCPJdbcDataSource.scala:21)
	at slick.jdbc.JdbcDataSource$.forConfig(JdbcDataSource.scala:47)
	at slick.jdbc.JdbcBackend$DatabaseFactoryDef.forConfig(JdbcBackend.scala:341)
	at slick.jdbc.JdbcBackend$DatabaseFactoryDef.forConfig$(JdbcBackend.scala:337)
	at slick.jdbc.JdbcBackend$$anon$1.forConfig(JdbcBackend.scala:32)
	at slick.jdbc.JdbcBackend.createDatabase(JdbcBackend.scala:35)
	at slick.jdbc.JdbcBackend.createDatabase$(JdbcBackend.scala:35)
	at slick.jdbc.JdbcBackend$.createDatabase(JdbcBackend.scala:572)
	at slick.jdbc.JdbcBackend$.createDatabase(JdbcBackend.scala:572)
	at slick.basic.DatabaseConfig$$anon$1.db$lzycompute(DatabaseConfig.scala:103)
	at slick.basic.DatabaseConfig$$anon$1.db(DatabaseConfig.scala:102)
	at play.api.db.slick.DefaultSlickApi$DatabaseConfigFactory.$anonfun$registerDatabaseShutdownHook$3(SlickApi.scala:107)
	at scala.runtime.java8.JFunction0$mcV$sp.apply(JFunction0$mcV$sp.scala:18)
	at scala.util.Try$.apply(Try.scala:210)
	at play.api.db.slick.DefaultSlickApi$DatabaseConfigFactory.$anonfun$registerDatabaseShutdownHook$2(SlickApi.scala:107)
	at scala.runtime.java8.JFunction0$mcV$sp.apply(JFunction0$mcV$sp.scala:18)
	at scala.concurrent.Future$.$anonfun$apply$1(Future.scala:661)
	at scala.concurrent.impl.Promise$Transformation.run(Promise.scala:430)
	at akka.dispatch.BatchingExecutor$AbstractBatch.processBatch(BatchingExecutor.scala:56)
	at akka.dispatch.BatchingExecutor$BlockableBatch.$anonfun$run$1(BatchingExecutor.scala:93)
	at scala.runtime.java8.JFunction0$mcV$sp.apply(JFunction0$mcV$sp.scala:18)
	at scala.concurrent.BlockContext$.withBlockContext(BlockContext.scala:94)
	at akka.dispatch.BatchingExecutor$BlockableBatch.run(BatchingExecutor.scala:93)
	at akka.dispatch.TaskInvocation.run(AbstractDispatcher.scala:48)
	at akka.dispatch.ForkJoinExecutorConfigurator$AkkaForkJoinTask.exec(ForkJoinExecutorConfigurator.scala:48)
	at java.util.concurrent.ForkJoinTask.doExec(ForkJoinTask.java:289)
	at java.util.concurrent.ForkJoinPool$WorkQueue.runTask(ForkJoinPool.java:1056)
	at java.util.concurrent.ForkJoinPool.runWorker(ForkJoinPool.java:1692)
	at java.util.concurrent.ForkJoinWorkerThread.run(ForkJoinWorkerThread.java:157)
2020-08-18 18:30:04,110 [WARN] from slick.basic.DatabaseConfig in ScalaTest-run - Use `profile` instead of `driver`. The latter is deprecated since Slick 3.2 and will be removed.
2020-08-18 18:30:05,159 [ERROR] from com.zaxxer.hikari.HikariConfig in ScalaTest-run-running-PersonRepositoryTest - Failed to load driver class org.h2.Driver from HikariConfig class classloader sun.misc.Launcher$AppClassLoader@18b4aac2
2020-08-18 18:30:05,193 [ERROR] from com.zaxxer.hikari.HikariConfig in application-akka.actor.default-dispatcher-5 - Failed to load driver class org.h2.Driver from HikariConfig class classloader sun.misc.Launcher$AppClassLoader@18b4aac2
2020-08-18 18:30:05,198 [WARN] from play.api.db.slick.DefaultSlickApi in application-akka.actor.default-dispatcher-5 - Error occurred while closing database mydb.
java.lang.RuntimeException: Failed to load driver class org.h2.Driver in either of HikariConfig class loader or Thread context classloader
	at com.zaxxer.hikari.HikariConfig.setDriverClassName(HikariConfig.java:497)
	at slick.jdbc.hikaricp.HikariCPJdbcDataSource$.$anonfun$forConfig$3(HikariCPJdbcDataSource.scala:33)
	at slick.jdbc.hikaricp.HikariCPJdbcDataSource$.$anonfun$forConfig$3$adapted(HikariCPJdbcDataSource.scala:33)
	at scala.Option.foreach(Option.scala:437)
	at slick.jdbc.hikaricp.HikariCPJdbcDataSource$.forConfig(HikariCPJdbcDataSource.scala:33)
	at slick.jdbc.hikaricp.HikariCPJdbcDataSource$.forConfig(HikariCPJdbcDataSource.scala:21)
	at slick.jdbc.JdbcDataSource$.forConfig(JdbcDataSource.scala:47)
	at slick.jdbc.JdbcBackend$DatabaseFactoryDef.forConfig(JdbcBackend.scala:341)
	at slick.jdbc.JdbcBackend$DatabaseFactoryDef.forConfig$(JdbcBackend.scala:337)
	at slick.jdbc.JdbcBackend$$anon$1.forConfig(JdbcBackend.scala:32)
	at slick.jdbc.JdbcBackend.createDatabase(JdbcBackend.scala:35)
	at slick.jdbc.JdbcBackend.createDatabase$(JdbcBackend.scala:35)
	at slick.jdbc.JdbcBackend$.createDatabase(JdbcBackend.scala:572)
	at slick.jdbc.JdbcBackend$.createDatabase(JdbcBackend.scala:572)
	at slick.basic.DatabaseConfig$$anon$1.db$lzycompute(DatabaseConfig.scala:103)
	at slick.basic.DatabaseConfig$$anon$1.db(DatabaseConfig.scala:102)
	at play.api.db.slick.DefaultSlickApi$DatabaseConfigFactory.$anonfun$registerDatabaseShutdownHook$3(SlickApi.scala:107)
	at scala.runtime.java8.JFunction0$mcV$sp.apply(JFunction0$mcV$sp.scala:18)
	at scala.util.Try$.apply(Try.scala:210)
	at play.api.db.slick.DefaultSlickApi$DatabaseConfigFactory.$anonfun$registerDatabaseShutdownHook$2(SlickApi.scala:107)
	at scala.runtime.java8.JFunction0$mcV$sp.apply(JFunction0$mcV$sp.scala:18)
	at scala.concurrent.Future$.$anonfun$apply$1(Future.scala:661)
	at scala.concurrent.impl.Promise$Transformation.run(Promise.scala:430)
	at akka.dispatch.BatchingExecutor$AbstractBatch.processBatch(BatchingExecutor.scala:56)
	at akka.dispatch.BatchingExecutor$BlockableBatch.$anonfun$run$1(BatchingExecutor.scala:93)
	at scala.runtime.java8.JFunction0$mcV$sp.apply(JFunction0$mcV$sp.scala:18)
	at scala.concurrent.BlockContext$.withBlockContext(BlockContext.scala:94)
	at akka.dispatch.BatchingExecutor$BlockableBatch.run(BatchingExecutor.scala:93)
	at akka.dispatch.TaskInvocation.run(AbstractDispatcher.scala:48)
	at akka.dispatch.ForkJoinExecutorConfigurator$AkkaForkJoinTask.exec(ForkJoinExecutorConfigurator.scala:48)
	at java.util.concurrent.ForkJoinTask.doExec(ForkJoinTask.java:289)
	at java.util.concurrent.ForkJoinPool$WorkQueue.runTask(ForkJoinPool.java:1056)
	at java.util.concurrent.ForkJoinPool.runWorker(ForkJoinPool.java:1692)
	at java.util.concurrent.ForkJoinWorkerThread.run(ForkJoinWorkerThread.java:157)
2020-08-18 18:30:05,199 [ERROR] from com.zaxxer.hikari.HikariConfig in application-akka.actor.default-dispatcher-5 - Failed to load driver class org.h2.Driver from HikariConfig class classloader sun.misc.Launcher$AppClassLoader@18b4aac2
2020-08-18 18:30:05,199 [WARN] from play.api.db.slick.DefaultSlickApi in application-akka.actor.default-dispatcher-5 - Error occurred while closing database default.
java.lang.RuntimeException: Failed to load driver class org.h2.Driver in either of HikariConfig class loader or Thread context classloader
	at com.zaxxer.hikari.HikariConfig.setDriverClassName(HikariConfig.java:497)
	at slick.jdbc.hikaricp.HikariCPJdbcDataSource$.$anonfun$forConfig$3(HikariCPJdbcDataSource.scala:33)
	at slick.jdbc.hikaricp.HikariCPJdbcDataSource$.$anonfun$forConfig$3$adapted(HikariCPJdbcDataSource.scala:33)
	at scala.Option.foreach(Option.scala:437)
	at slick.jdbc.hikaricp.HikariCPJdbcDataSource$.forConfig(HikariCPJdbcDataSource.scala:33)
	at slick.jdbc.hikaricp.HikariCPJdbcDataSource$.forConfig(HikariCPJdbcDataSource.scala:21)
	at slick.jdbc.JdbcDataSource$.forConfig(JdbcDataSource.scala:47)
	at slick.jdbc.JdbcBackend$DatabaseFactoryDef.forConfig(JdbcBackend.scala:341)
	at slick.jdbc.JdbcBackend$DatabaseFactoryDef.forConfig$(JdbcBackend.scala:337)
	at slick.jdbc.JdbcBackend$$anon$1.forConfig(JdbcBackend.scala:32)
	at slick.jdbc.JdbcBackend.createDatabase(JdbcBackend.scala:35)
	at slick.jdbc.JdbcBackend.createDatabase$(JdbcBackend.scala:35)
	at slick.jdbc.JdbcBackend$.createDatabase(JdbcBackend.scala:572)
	at slick.jdbc.JdbcBackend$.createDatabase(JdbcBackend.scala:572)
	at slick.basic.DatabaseConfig$$anon$1.db$lzycompute(DatabaseConfig.scala:103)
	at slick.basic.DatabaseConfig$$anon$1.db(DatabaseConfig.scala:102)
	at play.api.db.slick.DefaultSlickApi$DatabaseConfigFactory.$anonfun$registerDatabaseShutdownHook$3(SlickApi.scala:107)
	at scala.runtime.java8.JFunction0$mcV$sp.apply(JFunction0$mcV$sp.scala:18)
	at scala.util.Try$.apply(Try.scala:210)
	at play.api.db.slick.DefaultSlickApi$DatabaseConfigFactory.$anonfun$registerDatabaseShutdownHook$2(SlickApi.scala:107)
	at scala.runtime.java8.JFunction0$mcV$sp.apply(JFunction0$mcV$sp.scala:18)
	at scala.concurrent.Future$.$anonfun$apply$1(Future.scala:661)
	at scala.concurrent.impl.Promise$Transformation.run(Promise.scala:430)
	at akka.dispatch.BatchingExecutor$AbstractBatch.processBatch(BatchingExecutor.scala:56)
	at akka.dispatch.BatchingExecutor$BlockableBatch.$anonfun$run$1(BatchingExecutor.scala:93)
	at scala.runtime.java8.JFunction0$mcV$sp.apply(JFunction0$mcV$sp.scala:18)
	at scala.concurrent.BlockContext$.withBlockContext(BlockContext.scala:94)
	at akka.dispatch.BatchingExecutor$BlockableBatch.run(BatchingExecutor.scala:93)
	at akka.dispatch.TaskInvocation.run(AbstractDispatcher.scala:48)
	at akka.dispatch.ForkJoinExecutorConfigurator$AkkaForkJoinTask.exec(ForkJoinExecutorConfigurator.scala:48)
	at java.util.concurrent.ForkJoinTask.doExec(ForkJoinTask.java:289)
	at java.util.concurrent.ForkJoinPool$WorkQueue.runTask(ForkJoinPool.java:1056)
	at java.util.concurrent.ForkJoinPool.runWorker(ForkJoinPool.java:1692)
	at java.util.concurrent.ForkJoinWorkerThread.run(ForkJoinWorkerThread.java:157)
2020-08-18 18:32:41,863 [WARN] from slick.basic.DatabaseConfig in ScalaTest-run - Use `profile` instead of `driver`. The latter is deprecated since Slick 3.2 and will be removed.
2020-08-18 18:33:18,278 [WARN] from akka.actor.CoordinatedShutdown in application-akka.actor.default-dispatcher-7 - Coordinated shutdown phase [service-stop] timed out after 5000 milliseconds
2020-08-18 18:37:00,842 [WARN] from slick.basic.DatabaseConfig in ScalaTest-run - Use `profile` instead of `driver`. The latter is deprecated since Slick 3.2 and will be removed.
2020-08-18 18:37:36,959 [WARN] from akka.actor.CoordinatedShutdown in application-akka.actor.default-dispatcher-7 - Coordinated shutdown phase [service-stop] timed out after 5000 milliseconds
2020-08-18 18:45:29,366 [WARN] from slick.basic.DatabaseConfig in ScalaTest-run - Use `profile` instead of `driver`. The latter is deprecated since Slick 3.2 and will be removed.
2020-08-18 18:46:44,487 [WARN] from slick.basic.DatabaseConfig in ScalaTest-run - Use `profile` instead of `driver`. The latter is deprecated since Slick 3.2 and will be removed.
2020-08-18 18:48:24,920 [WARN] from slick.basic.DatabaseConfig in ScalaTest-run - Use `profile` instead of `driver`. The latter is deprecated since Slick 3.2 and will be removed.
2020-08-18 18:51:27,508 [WARN] from slick.basic.DatabaseConfig in ScalaTest-run - Use `profile` instead of `driver`. The latter is deprecated since Slick 3.2 and will be removed.
2020-08-18 18:54:22,056 [WARN] from slick.basic.DatabaseConfig in ScalaTest-run - Use `profile` instead of `driver`. The latter is deprecated since Slick 3.2 and will be removed.
2020-08-18 18:55:20,051 [WARN] from slick.basic.DatabaseConfig in ScalaTest-run - Use `profile` instead of `driver`. The latter is deprecated since Slick 3.2 and will be removed.
